D:\VSCODE\GAMESDL\GAMESDL\DEBUG\MAIN.OBJ
D:\VSCODE\GAMESDL\GAMESDL\DEBUG\VC110.PDB
D:\VSCODE\GAMESDL\GAMESDL\DEBUG\COMMON_FUNCTION.OBJ
D:\VSCODE\GAMESDL\GAMESDL\DEBUG\MAINOBJECT.OBJ
D:\VSCODE\GAMESDL\GAMESDL\DEBUG\BASEOBJECT.OBJ
D:\VSCODE\GAMESDL\GAMESDL\DEBUG\THREATSOBJECT.OBJ
D:\VSCODE\GAMESDL\GAMESDL\DEBUG\AMOOBJECT.OBJ
D:\VSCODE\GAMESDL\GAMESDL\DEBUG\PLAYERPOWER.OBJ
D:\VSCODE\GAMESDL\GAMESDL\DEBUG\TEXTOBJECT.OBJ
D:\VSCODE\GAMESDL\GAMESDL\DEBUG\EXPLOSIONOBJECT.OBJ
D:\VSCODE\GAMESDL\DEBUG\GAMESDL.ILK
D:\VSCODE\GAMESDL\DEBUG\GAMESDL.EXE
D:\VSCODE\GAMESDL\DEBUG\GAMESDL.PDB
D:\VSCode\GameSDL\GameSDL\Debug\AmoObject.obj
D:\VSCode\GameSDL\GameSDL\Debug\BaseObject.obj
D:\VSCode\GameSDL\GameSDL\Debug\Common_Function.obj
D:\VSCode\GameSDL\GameSDL\Debug\ExplosionObject.obj
D:\VSCode\GameSDL\GameSDL\Debug\main.obj
D:\VSCode\GameSDL\GameSDL\Debug\MainObject.obj
D:\VSCode\GameSDL\GameSDL\Debug\PlayerPower.obj
D:\VSCode\GameSDL\GameSDL\Debug\TextObject.obj
D:\VSCode\GameSDL\GameSDL\Debug\ThreatsObject.obj
D:\VSCode\GameSDL\GameSDL\Debug\cl.command.1.tlog
D:\VSCode\GameSDL\GameSDL\Debug\CL.read.1.tlog
D:\VSCode\GameSDL\GameSDL\Debug\CL.write.1.tlog
D:\VSCode\GameSDL\GameSDL\Debug\link-cvtres.read.1.tlog
D:\VSCode\GameSDL\GameSDL\Debug\link-cvtres.write.1.tlog
D:\VSCode\GameSDL\GameSDL\Debug\link-rc.read.1.tlog
D:\VSCode\GameSDL\GameSDL\Debug\link-rc.write.1.tlog
D:\VSCode\GameSDL\GameSDL\Debug\link.10272-cvtres.read.1.tlog
D:\VSCode\GameSDL\GameSDL\Debug\link.10272-cvtres.write.1.tlog
D:\VSCode\GameSDL\GameSDL\Debug\link.10272-rc.read.1.tlog
D:\VSCode\GameSDL\GameSDL\Debug\link.10272-rc.write.1.tlog
D:\VSCode\GameSDL\GameSDL\Debug\link.10272.read.1.tlog
D:\VSCode\GameSDL\GameSDL\Debug\link.10272.write.1.tlog
D:\VSCode\GameSDL\GameSDL\Debug\link.10284-cvtres.read.1.tlog
D:\VSCode\GameSDL\GameSDL\Debug\link.10284-cvtres.write.1.tlog
D:\VSCode\GameSDL\GameSDL\Debug\link.10284-rc.read.1.tlog
D:\VSCode\GameSDL\GameSDL\Debug\link.10284-rc.write.1.tlog
D:\VSCode\GameSDL\GameSDL\Debug\link.10284.read.1.tlog
D:\VSCode\GameSDL\GameSDL\Debug\link.10284.write.1.tlog
D:\VSCode\GameSDL\GameSDL\Debug\link.10576-cvtres.read.1.tlog
D:\VSCode\GameSDL\GameSDL\Debug\link.10576-cvtres.write.1.tlog
D:\VSCode\GameSDL\GameSDL\Debug\link.10576-rc.read.1.tlog
D:\VSCode\GameSDL\GameSDL\Debug\link.10576-rc.write.1.tlog
D:\VSCode\GameSDL\GameSDL\Debug\link.10576.read.1.tlog
D:\VSCode\GameSDL\GameSDL\Debug\link.10576.write.1.tlog
D:\VSCode\GameSDL\GameSDL\Debug\link.10768-cvtres.read.1.tlog
D:\VSCode\GameSDL\GameSDL\Debug\link.10768-cvtres.write.1.tlog
D:\VSCode\GameSDL\GameSDL\Debug\link.10768-rc.read.1.tlog
D:\VSCode\GameSDL\GameSDL\Debug\link.10768-rc.write.1.tlog
D:\VSCode\GameSDL\GameSDL\Debug\link.10768.read.1.tlog
D:\VSCode\GameSDL\GameSDL\Debug\link.10768.write.1.tlog
D:\VSCode\GameSDL\GameSDL\Debug\link.10872-cvtres.read.1.tlog
D:\VSCode\GameSDL\GameSDL\Debug\link.10872-cvtres.write.1.tlog
D:\VSCode\GameSDL\GameSDL\Debug\link.10872-rc.read.1.tlog
D:\VSCode\GameSDL\GameSDL\Debug\link.10872-rc.write.1.tlog
D:\VSCode\GameSDL\GameSDL\Debug\link.10872.read.1.tlog
D:\VSCode\GameSDL\GameSDL\Debug\link.10872.write.1.tlog
D:\VSCode\GameSDL\GameSDL\Debug\link.11352-cvtres.read.1.tlog
D:\VSCode\GameSDL\GameSDL\Debug\link.11352-cvtres.write.1.tlog
D:\VSCode\GameSDL\GameSDL\Debug\link.11352-rc.read.1.tlog
D:\VSCode\GameSDL\GameSDL\Debug\link.11352-rc.write.1.tlog
D:\VSCode\GameSDL\GameSDL\Debug\link.11352.read.1.tlog
D:\VSCode\GameSDL\GameSDL\Debug\link.11352.write.1.tlog
D:\VSCode\GameSDL\GameSDL\Debug\link.11464-cvtres.read.1.tlog
D:\VSCode\GameSDL\GameSDL\Debug\link.11464-cvtres.write.1.tlog
D:\VSCode\GameSDL\GameSDL\Debug\link.11464-rc.read.1.tlog
D:\VSCode\GameSDL\GameSDL\Debug\link.11464-rc.write.1.tlog
D:\VSCode\GameSDL\GameSDL\Debug\link.11464.read.1.tlog
D:\VSCode\GameSDL\GameSDL\Debug\link.11464.write.1.tlog
D:\VSCode\GameSDL\GameSDL\Debug\link.11716-cvtres.read.1.tlog
D:\VSCode\GameSDL\GameSDL\Debug\link.11716-cvtres.write.1.tlog
D:\VSCode\GameSDL\GameSDL\Debug\link.11716-rc.read.1.tlog
D:\VSCode\GameSDL\GameSDL\Debug\link.11716-rc.write.1.tlog
D:\VSCode\GameSDL\GameSDL\Debug\link.11716.read.1.tlog
D:\VSCode\GameSDL\GameSDL\Debug\link.11716.write.1.tlog
D:\VSCode\GameSDL\GameSDL\Debug\link.11860-cvtres.read.1.tlog
D:\VSCode\GameSDL\GameSDL\Debug\link.11860-cvtres.write.1.tlog
D:\VSCode\GameSDL\GameSDL\Debug\link.11860-rc.read.1.tlog
D:\VSCode\GameSDL\GameSDL\Debug\link.11860-rc.write.1.tlog
D:\VSCode\GameSDL\GameSDL\Debug\link.11860.read.1.tlog
D:\VSCode\GameSDL\GameSDL\Debug\link.11860.write.1.tlog
D:\VSCode\GameSDL\GameSDL\Debug\link.12132-cvtres.read.1.tlog
D:\VSCode\GameSDL\GameSDL\Debug\link.12132-cvtres.write.1.tlog
D:\VSCode\GameSDL\GameSDL\Debug\link.12132-rc.read.1.tlog
D:\VSCode\GameSDL\GameSDL\Debug\link.12132-rc.write.1.tlog
D:\VSCode\GameSDL\GameSDL\Debug\link.12132.read.1.tlog
D:\VSCode\GameSDL\GameSDL\Debug\link.12132.write.1.tlog
D:\VSCode\GameSDL\GameSDL\Debug\link.12164-cvtres.read.1.tlog
D:\VSCode\GameSDL\GameSDL\Debug\link.12164-cvtres.write.1.tlog
D:\VSCode\GameSDL\GameSDL\Debug\link.12164-rc.read.1.tlog
D:\VSCode\GameSDL\GameSDL\Debug\link.12164-rc.write.1.tlog
D:\VSCode\GameSDL\GameSDL\Debug\link.12164.read.1.tlog
D:\VSCode\GameSDL\GameSDL\Debug\link.12164.write.1.tlog
D:\VSCode\GameSDL\GameSDL\Debug\link.12300-cvtres.read.1.tlog
D:\VSCode\GameSDL\GameSDL\Debug\link.12300-cvtres.write.1.tlog
D:\VSCode\GameSDL\GameSDL\Debug\link.12300-rc.read.1.tlog
D:\VSCode\GameSDL\GameSDL\Debug\link.12300-rc.write.1.tlog
D:\VSCode\GameSDL\GameSDL\Debug\link.12300.read.1.tlog
D:\VSCode\GameSDL\GameSDL\Debug\link.12300.write.1.tlog
D:\VSCode\GameSDL\GameSDL\Debug\link.12452-cvtres.read.1.tlog
D:\VSCode\GameSDL\GameSDL\Debug\link.12452-cvtres.write.1.tlog
D:\VSCode\GameSDL\GameSDL\Debug\link.12452-rc.read.1.tlog
D:\VSCode\GameSDL\GameSDL\Debug\link.12452-rc.write.1.tlog
D:\VSCode\GameSDL\GameSDL\Debug\link.12452.read.1.tlog
D:\VSCode\GameSDL\GameSDL\Debug\link.12452.write.1.tlog
D:\VSCode\GameSDL\GameSDL\Debug\link.1304-cvtres.read.1.tlog
D:\VSCode\GameSDL\GameSDL\Debug\link.1304-cvtres.write.1.tlog
D:\VSCode\GameSDL\GameSDL\Debug\link.1304-rc.read.1.tlog
D:\VSCode\GameSDL\GameSDL\Debug\link.1304-rc.write.1.tlog
D:\VSCode\GameSDL\GameSDL\Debug\link.1304.read.1.tlog
D:\VSCode\GameSDL\GameSDL\Debug\link.1304.write.1.tlog
D:\VSCode\GameSDL\GameSDL\Debug\link.13180-cvtres.read.1.tlog
D:\VSCode\GameSDL\GameSDL\Debug\link.13180-cvtres.write.1.tlog
D:\VSCode\GameSDL\GameSDL\Debug\link.13180-rc.read.1.tlog
D:\VSCode\GameSDL\GameSDL\Debug\link.13180-rc.write.1.tlog
D:\VSCode\GameSDL\GameSDL\Debug\link.13180.read.1.tlog
D:\VSCode\GameSDL\GameSDL\Debug\link.13180.write.1.tlog
D:\VSCode\GameSDL\GameSDL\Debug\link.13456-cvtres.read.1.tlog
D:\VSCode\GameSDL\GameSDL\Debug\link.13456-cvtres.write.1.tlog
D:\VSCode\GameSDL\GameSDL\Debug\link.13456-rc.read.1.tlog
D:\VSCode\GameSDL\GameSDL\Debug\link.13456-rc.write.1.tlog
D:\VSCode\GameSDL\GameSDL\Debug\link.13456.read.1.tlog
D:\VSCode\GameSDL\GameSDL\Debug\link.13456.write.1.tlog
D:\VSCode\GameSDL\GameSDL\Debug\link.14300-cvtres.read.1.tlog
D:\VSCode\GameSDL\GameSDL\Debug\link.14300-cvtres.write.1.tlog
D:\VSCode\GameSDL\GameSDL\Debug\link.14300-rc.read.1.tlog
D:\VSCode\GameSDL\GameSDL\Debug\link.14300-rc.write.1.tlog
D:\VSCode\GameSDL\GameSDL\Debug\link.14300.read.1.tlog
D:\VSCode\GameSDL\GameSDL\Debug\link.14300.write.1.tlog
D:\VSCode\GameSDL\GameSDL\Debug\link.14512-cvtres.read.1.tlog
D:\VSCode\GameSDL\GameSDL\Debug\link.14512-cvtres.write.1.tlog
D:\VSCode\GameSDL\GameSDL\Debug\link.14512-rc.read.1.tlog
D:\VSCode\GameSDL\GameSDL\Debug\link.14512-rc.write.1.tlog
D:\VSCode\GameSDL\GameSDL\Debug\link.14512.read.1.tlog
D:\VSCode\GameSDL\GameSDL\Debug\link.14512.write.1.tlog
D:\VSCode\GameSDL\GameSDL\Debug\link.15068-cvtres.read.1.tlog
D:\VSCode\GameSDL\GameSDL\Debug\link.15068-cvtres.write.1.tlog
D:\VSCode\GameSDL\GameSDL\Debug\link.15068-rc.read.1.tlog
D:\VSCode\GameSDL\GameSDL\Debug\link.15068-rc.write.1.tlog
D:\VSCode\GameSDL\GameSDL\Debug\link.15068.read.1.tlog
D:\VSCode\GameSDL\GameSDL\Debug\link.15068.write.1.tlog
D:\VSCode\GameSDL\GameSDL\Debug\link.15216-cvtres.read.1.tlog
D:\VSCode\GameSDL\GameSDL\Debug\link.15216-cvtres.write.1.tlog
D:\VSCode\GameSDL\GameSDL\Debug\link.15216-rc.read.1.tlog
D:\VSCode\GameSDL\GameSDL\Debug\link.15216-rc.write.1.tlog
D:\VSCode\GameSDL\GameSDL\Debug\link.15216.read.1.tlog
D:\VSCode\GameSDL\GameSDL\Debug\link.15216.write.1.tlog
D:\VSCode\GameSDL\GameSDL\Debug\link.15336-cvtres.read.1.tlog
D:\VSCode\GameSDL\GameSDL\Debug\link.15336-cvtres.write.1.tlog
D:\VSCode\GameSDL\GameSDL\Debug\link.15336-rc.read.1.tlog
D:\VSCode\GameSDL\GameSDL\Debug\link.15336-rc.write.1.tlog
D:\VSCode\GameSDL\GameSDL\Debug\link.15336.read.1.tlog
D:\VSCode\GameSDL\GameSDL\Debug\link.15336.write.1.tlog
D:\VSCode\GameSDL\GameSDL\Debug\link.15468-cvtres.read.1.tlog
D:\VSCode\GameSDL\GameSDL\Debug\link.15468-cvtres.write.1.tlog
D:\VSCode\GameSDL\GameSDL\Debug\link.15468-rc.read.1.tlog
D:\VSCode\GameSDL\GameSDL\Debug\link.15468-rc.write.1.tlog
D:\VSCode\GameSDL\GameSDL\Debug\link.15468.read.1.tlog
D:\VSCode\GameSDL\GameSDL\Debug\link.15468.write.1.tlog
D:\VSCode\GameSDL\GameSDL\Debug\link.15740-cvtres.read.1.tlog
D:\VSCode\GameSDL\GameSDL\Debug\link.15740-cvtres.write.1.tlog
D:\VSCode\GameSDL\GameSDL\Debug\link.15740-rc.read.1.tlog
D:\VSCode\GameSDL\GameSDL\Debug\link.15740-rc.write.1.tlog
D:\VSCode\GameSDL\GameSDL\Debug\link.15740.read.1.tlog
D:\VSCode\GameSDL\GameSDL\Debug\link.15740.write.1.tlog
D:\VSCode\GameSDL\GameSDL\Debug\link.16128-cvtres.read.1.tlog
D:\VSCode\GameSDL\GameSDL\Debug\link.16128-cvtres.write.1.tlog
D:\VSCode\GameSDL\GameSDL\Debug\link.16128-rc.read.1.tlog
D:\VSCode\GameSDL\GameSDL\Debug\link.16128-rc.write.1.tlog
D:\VSCode\GameSDL\GameSDL\Debug\link.16128.read.1.tlog
D:\VSCode\GameSDL\GameSDL\Debug\link.16128.write.1.tlog
D:\VSCode\GameSDL\GameSDL\Debug\link.16388-cvtres.read.1.tlog
D:\VSCode\GameSDL\GameSDL\Debug\link.16388-cvtres.write.1.tlog
D:\VSCode\GameSDL\GameSDL\Debug\link.16388-rc.read.1.tlog
D:\VSCode\GameSDL\GameSDL\Debug\link.16388-rc.write.1.tlog
D:\VSCode\GameSDL\GameSDL\Debug\link.16388.read.1.tlog
D:\VSCode\GameSDL\GameSDL\Debug\link.16388.write.1.tlog
D:\VSCode\GameSDL\GameSDL\Debug\link.16416-cvtres.read.1.tlog
D:\VSCode\GameSDL\GameSDL\Debug\link.16416-cvtres.write.1.tlog
D:\VSCode\GameSDL\GameSDL\Debug\link.16416-rc.read.1.tlog
D:\VSCode\GameSDL\GameSDL\Debug\link.16416-rc.write.1.tlog
D:\VSCode\GameSDL\GameSDL\Debug\link.16416.read.1.tlog
D:\VSCode\GameSDL\GameSDL\Debug\link.16416.write.1.tlog
D:\VSCode\GameSDL\GameSDL\Debug\link.1648-cvtres.read.1.tlog
D:\VSCode\GameSDL\GameSDL\Debug\link.1648-cvtres.write.1.tlog
D:\VSCode\GameSDL\GameSDL\Debug\link.1648-rc.read.1.tlog
D:\VSCode\GameSDL\GameSDL\Debug\link.1648-rc.write.1.tlog
D:\VSCode\GameSDL\GameSDL\Debug\link.1648.read.1.tlog
D:\VSCode\GameSDL\GameSDL\Debug\link.1648.write.1.tlog
D:\VSCode\GameSDL\GameSDL\Debug\link.17048-cvtres.read.1.tlog
D:\VSCode\GameSDL\GameSDL\Debug\link.17048-cvtres.write.1.tlog
D:\VSCode\GameSDL\GameSDL\Debug\link.17048-rc.read.1.tlog
D:\VSCode\GameSDL\GameSDL\Debug\link.17048-rc.write.1.tlog
D:\VSCode\GameSDL\GameSDL\Debug\link.17048.read.1.tlog
D:\VSCode\GameSDL\GameSDL\Debug\link.17048.write.1.tlog
D:\VSCode\GameSDL\GameSDL\Debug\link.17364-cvtres.read.1.tlog
D:\VSCode\GameSDL\GameSDL\Debug\link.17364-cvtres.write.1.tlog
D:\VSCode\GameSDL\GameSDL\Debug\link.17364-rc.read.1.tlog
D:\VSCode\GameSDL\GameSDL\Debug\link.17364-rc.write.1.tlog
D:\VSCode\GameSDL\GameSDL\Debug\link.17364.read.1.tlog
D:\VSCode\GameSDL\GameSDL\Debug\link.17364.write.1.tlog
D:\VSCode\GameSDL\GameSDL\Debug\link.1852-cvtres.read.1.tlog
D:\VSCode\GameSDL\GameSDL\Debug\link.1852-cvtres.write.1.tlog
D:\VSCode\GameSDL\GameSDL\Debug\link.1852-rc.read.1.tlog
D:\VSCode\GameSDL\GameSDL\Debug\link.1852-rc.write.1.tlog
D:\VSCode\GameSDL\GameSDL\Debug\link.1852.read.1.tlog
D:\VSCode\GameSDL\GameSDL\Debug\link.1852.write.1.tlog
D:\VSCode\GameSDL\GameSDL\Debug\link.2084-cvtres.read.1.tlog
D:\VSCode\GameSDL\GameSDL\Debug\link.2084-cvtres.write.1.tlog
D:\VSCode\GameSDL\GameSDL\Debug\link.2084-rc.read.1.tlog
D:\VSCode\GameSDL\GameSDL\Debug\link.2084-rc.write.1.tlog
D:\VSCode\GameSDL\GameSDL\Debug\link.2084.read.1.tlog
D:\VSCode\GameSDL\GameSDL\Debug\link.2084.write.1.tlog
D:\VSCode\GameSDL\GameSDL\Debug\link.2864-cvtres.read.1.tlog
D:\VSCode\GameSDL\GameSDL\Debug\link.2864-cvtres.write.1.tlog
D:\VSCode\GameSDL\GameSDL\Debug\link.2864-rc.read.1.tlog
D:\VSCode\GameSDL\GameSDL\Debug\link.2864-rc.write.1.tlog
D:\VSCode\GameSDL\GameSDL\Debug\link.2864.read.1.tlog
D:\VSCode\GameSDL\GameSDL\Debug\link.2864.write.1.tlog
D:\VSCode\GameSDL\GameSDL\Debug\link.2968-cvtres.read.1.tlog
D:\VSCode\GameSDL\GameSDL\Debug\link.2968-cvtres.write.1.tlog
D:\VSCode\GameSDL\GameSDL\Debug\link.2968-rc.read.1.tlog
D:\VSCode\GameSDL\GameSDL\Debug\link.2968-rc.write.1.tlog
D:\VSCode\GameSDL\GameSDL\Debug\link.2968.read.1.tlog
D:\VSCode\GameSDL\GameSDL\Debug\link.2968.write.1.tlog
D:\VSCode\GameSDL\GameSDL\Debug\link.3336-cvtres.read.1.tlog
D:\VSCode\GameSDL\GameSDL\Debug\link.3336-cvtres.write.1.tlog
D:\VSCode\GameSDL\GameSDL\Debug\link.3336-rc.read.1.tlog
D:\VSCode\GameSDL\GameSDL\Debug\link.3336-rc.write.1.tlog
D:\VSCode\GameSDL\GameSDL\Debug\link.3336.read.1.tlog
D:\VSCode\GameSDL\GameSDL\Debug\link.3336.write.1.tlog
D:\VSCode\GameSDL\GameSDL\Debug\link.3472-cvtres.read.1.tlog
D:\VSCode\GameSDL\GameSDL\Debug\link.3472-cvtres.write.1.tlog
D:\VSCode\GameSDL\GameSDL\Debug\link.3472-rc.read.1.tlog
D:\VSCode\GameSDL\GameSDL\Debug\link.3472-rc.write.1.tlog
D:\VSCode\GameSDL\GameSDL\Debug\link.3472.read.1.tlog
D:\VSCode\GameSDL\GameSDL\Debug\link.3472.write.1.tlog
D:\VSCode\GameSDL\GameSDL\Debug\link.3816-cvtres.read.1.tlog
D:\VSCode\GameSDL\GameSDL\Debug\link.3816-cvtres.write.1.tlog
D:\VSCode\GameSDL\GameSDL\Debug\link.3816-rc.read.1.tlog
D:\VSCode\GameSDL\GameSDL\Debug\link.3816-rc.write.1.tlog
D:\VSCode\GameSDL\GameSDL\Debug\link.3816.read.1.tlog
D:\VSCode\GameSDL\GameSDL\Debug\link.3816.write.1.tlog
D:\VSCode\GameSDL\GameSDL\Debug\link.4116-cvtres.read.1.tlog
D:\VSCode\GameSDL\GameSDL\Debug\link.4116-cvtres.write.1.tlog
D:\VSCode\GameSDL\GameSDL\Debug\link.4116-rc.read.1.tlog
D:\VSCode\GameSDL\GameSDL\Debug\link.4116-rc.write.1.tlog
D:\VSCode\GameSDL\GameSDL\Debug\link.4116.read.1.tlog
D:\VSCode\GameSDL\GameSDL\Debug\link.4116.write.1.tlog
D:\VSCode\GameSDL\GameSDL\Debug\link.4124-cvtres.read.1.tlog
D:\VSCode\GameSDL\GameSDL\Debug\link.4124-cvtres.write.1.tlog
D:\VSCode\GameSDL\GameSDL\Debug\link.4124-rc.read.1.tlog
D:\VSCode\GameSDL\GameSDL\Debug\link.4124-rc.write.1.tlog
D:\VSCode\GameSDL\GameSDL\Debug\link.4124.read.1.tlog
D:\VSCode\GameSDL\GameSDL\Debug\link.4124.write.1.tlog
D:\VSCode\GameSDL\GameSDL\Debug\link.4280-cvtres.read.1.tlog
D:\VSCode\GameSDL\GameSDL\Debug\link.4280-cvtres.write.1.tlog
D:\VSCode\GameSDL\GameSDL\Debug\link.4280-rc.read.1.tlog
D:\VSCode\GameSDL\GameSDL\Debug\link.4280-rc.write.1.tlog
D:\VSCode\GameSDL\GameSDL\Debug\link.4280.read.1.tlog
D:\VSCode\GameSDL\GameSDL\Debug\link.4280.write.1.tlog
D:\VSCode\GameSDL\GameSDL\Debug\link.4348-cvtres.read.1.tlog
D:\VSCode\GameSDL\GameSDL\Debug\link.4348-cvtres.write.1.tlog
D:\VSCode\GameSDL\GameSDL\Debug\link.4348-rc.read.1.tlog
D:\VSCode\GameSDL\GameSDL\Debug\link.4348-rc.write.1.tlog
D:\VSCode\GameSDL\GameSDL\Debug\link.4348.read.1.tlog
D:\VSCode\GameSDL\GameSDL\Debug\link.4348.write.1.tlog
D:\VSCode\GameSDL\GameSDL\Debug\link.4396-cvtres.read.1.tlog
D:\VSCode\GameSDL\GameSDL\Debug\link.4396-cvtres.write.1.tlog
D:\VSCode\GameSDL\GameSDL\Debug\link.4396-rc.read.1.tlog
D:\VSCode\GameSDL\GameSDL\Debug\link.4396-rc.write.1.tlog
D:\VSCode\GameSDL\GameSDL\Debug\link.4396.read.1.tlog
D:\VSCode\GameSDL\GameSDL\Debug\link.4396.write.1.tlog
D:\VSCode\GameSDL\GameSDL\Debug\link.4424-cvtres.read.1.tlog
D:\VSCode\GameSDL\GameSDL\Debug\link.4424-cvtres.write.1.tlog
D:\VSCode\GameSDL\GameSDL\Debug\link.4424-rc.read.1.tlog
D:\VSCode\GameSDL\GameSDL\Debug\link.4424-rc.write.1.tlog
D:\VSCode\GameSDL\GameSDL\Debug\link.4424.read.1.tlog
D:\VSCode\GameSDL\GameSDL\Debug\link.4424.write.1.tlog
D:\VSCode\GameSDL\GameSDL\Debug\link.4680-cvtres.read.1.tlog
D:\VSCode\GameSDL\GameSDL\Debug\link.4680-cvtres.write.1.tlog
D:\VSCode\GameSDL\GameSDL\Debug\link.4680-rc.read.1.tlog
D:\VSCode\GameSDL\GameSDL\Debug\link.4680-rc.write.1.tlog
D:\VSCode\GameSDL\GameSDL\Debug\link.4680.read.1.tlog
D:\VSCode\GameSDL\GameSDL\Debug\link.4680.write.1.tlog
D:\VSCode\GameSDL\GameSDL\Debug\link.5036-cvtres.read.1.tlog
D:\VSCode\GameSDL\GameSDL\Debug\link.5036-cvtres.write.1.tlog
D:\VSCode\GameSDL\GameSDL\Debug\link.5036-rc.read.1.tlog
D:\VSCode\GameSDL\GameSDL\Debug\link.5036-rc.write.1.tlog
D:\VSCode\GameSDL\GameSDL\Debug\link.5036.read.1.tlog
D:\VSCode\GameSDL\GameSDL\Debug\link.5036.write.1.tlog
D:\VSCode\GameSDL\GameSDL\Debug\link.5300-cvtres.read.1.tlog
D:\VSCode\GameSDL\GameSDL\Debug\link.5300-cvtres.write.1.tlog
D:\VSCode\GameSDL\GameSDL\Debug\link.5300-rc.read.1.tlog
D:\VSCode\GameSDL\GameSDL\Debug\link.5300-rc.write.1.tlog
D:\VSCode\GameSDL\GameSDL\Debug\link.5300.read.1.tlog
D:\VSCode\GameSDL\GameSDL\Debug\link.5300.write.1.tlog
D:\VSCode\GameSDL\GameSDL\Debug\link.6016-cvtres.read.1.tlog
D:\VSCode\GameSDL\GameSDL\Debug\link.6016-cvtres.write.1.tlog
D:\VSCode\GameSDL\GameSDL\Debug\link.6016-rc.read.1.tlog
D:\VSCode\GameSDL\GameSDL\Debug\link.6016-rc.write.1.tlog
D:\VSCode\GameSDL\GameSDL\Debug\link.6016.read.1.tlog
D:\VSCode\GameSDL\GameSDL\Debug\link.6016.write.1.tlog
D:\VSCode\GameSDL\GameSDL\Debug\link.6892-cvtres.read.1.tlog
D:\VSCode\GameSDL\GameSDL\Debug\link.6892-cvtres.write.1.tlog
D:\VSCode\GameSDL\GameSDL\Debug\link.6892-rc.read.1.tlog
D:\VSCode\GameSDL\GameSDL\Debug\link.6892-rc.write.1.tlog
D:\VSCode\GameSDL\GameSDL\Debug\link.6892.read.1.tlog
D:\VSCode\GameSDL\GameSDL\Debug\link.6892.write.1.tlog
D:\VSCode\GameSDL\GameSDL\Debug\link.7292-cvtres.read.1.tlog
D:\VSCode\GameSDL\GameSDL\Debug\link.7292-cvtres.write.1.tlog
D:\VSCode\GameSDL\GameSDL\Debug\link.7292-rc.read.1.tlog
D:\VSCode\GameSDL\GameSDL\Debug\link.7292-rc.write.1.tlog
D:\VSCode\GameSDL\GameSDL\Debug\link.7292.read.1.tlog
D:\VSCode\GameSDL\GameSDL\Debug\link.7292.write.1.tlog
D:\VSCode\GameSDL\GameSDL\Debug\link.8208-cvtres.read.1.tlog
D:\VSCode\GameSDL\GameSDL\Debug\link.8208-cvtres.write.1.tlog
D:\VSCode\GameSDL\GameSDL\Debug\link.8208-rc.read.1.tlog
D:\VSCode\GameSDL\GameSDL\Debug\link.8208-rc.write.1.tlog
D:\VSCode\GameSDL\GameSDL\Debug\link.8208.read.1.tlog
D:\VSCode\GameSDL\GameSDL\Debug\link.8208.write.1.tlog
D:\VSCode\GameSDL\GameSDL\Debug\link.848-cvtres.read.1.tlog
D:\VSCode\GameSDL\GameSDL\Debug\link.848-cvtres.write.1.tlog
D:\VSCode\GameSDL\GameSDL\Debug\link.848-rc.read.1.tlog
D:\VSCode\GameSDL\GameSDL\Debug\link.848-rc.write.1.tlog
D:\VSCode\GameSDL\GameSDL\Debug\link.848.read.1.tlog
D:\VSCode\GameSDL\GameSDL\Debug\link.848.write.1.tlog
D:\VSCode\GameSDL\GameSDL\Debug\link.8564-cvtres.read.1.tlog
D:\VSCode\GameSDL\GameSDL\Debug\link.8564-cvtres.write.1.tlog
D:\VSCode\GameSDL\GameSDL\Debug\link.8564-rc.read.1.tlog
D:\VSCode\GameSDL\GameSDL\Debug\link.8564-rc.write.1.tlog
D:\VSCode\GameSDL\GameSDL\Debug\link.8564.read.1.tlog
D:\VSCode\GameSDL\GameSDL\Debug\link.8564.write.1.tlog
D:\VSCode\GameSDL\GameSDL\Debug\link.9072-cvtres.read.1.tlog
D:\VSCode\GameSDL\GameSDL\Debug\link.9072-cvtres.write.1.tlog
D:\VSCode\GameSDL\GameSDL\Debug\link.9072-rc.read.1.tlog
D:\VSCode\GameSDL\GameSDL\Debug\link.9072-rc.write.1.tlog
D:\VSCode\GameSDL\GameSDL\Debug\link.9072.read.1.tlog
D:\VSCode\GameSDL\GameSDL\Debug\link.9072.write.1.tlog
D:\VSCode\GameSDL\GameSDL\Debug\link.9744-cvtres.read.1.tlog
D:\VSCode\GameSDL\GameSDL\Debug\link.9744-cvtres.write.1.tlog
D:\VSCode\GameSDL\GameSDL\Debug\link.9744-rc.read.1.tlog
D:\VSCode\GameSDL\GameSDL\Debug\link.9744-rc.write.1.tlog
D:\VSCode\GameSDL\GameSDL\Debug\link.9744.read.1.tlog
D:\VSCode\GameSDL\GameSDL\Debug\link.9744.write.1.tlog
D:\VSCode\GameSDL\GameSDL\Debug\link.command.1.tlog
D:\VSCode\GameSDL\GameSDL\Debug\link.read.1.tlog
D:\VSCode\GameSDL\GameSDL\Debug\link.write.1.tlog
D:\VSCode\GameSDL\GameSDL\Debug\vc110.idb
D:\VSCode\GameSDL\GameSDL\Debug\vc110.pdb
D:\VSCode\GameSDL\Debug\GameSDL.pdb
D:\VSCode\GameSDL\Debug\GameSDL.exe
D:\VSCode\GameSDL\Debug\GameSDL.ilk
